  [1m[35m (1179.5ms)[0m  [1m[35mCREATE DATABASE "send_it_development" ENCODING = 'unicode'[0m
  [1m[35m (719.4ms)[0m  [1m[35mCREATE DATABASE "send_it_test" ENCODING = 'unicode'[0m
  [1m[35m (15.3ms)[0m  [1m[35mCREATE TABLE "schema_migrations" ("version" character varying NOT NULL PRIMARY KEY)[0m
  [1m[35m (11.0ms)[0m  [1m[35mCREATE TABLE "ar_internal_metadata" ("key" character varying NOT NULL PRIMARY KEY, "value" character varying, "created_at" timestamp(6) NOT NULL, "updated_at" timestamp(6) NOT NULL)[0m
  [1m[35m (1.1ms)[0m  [1m[34mSELECT pg_try_advisory_lock(6424274576875799280)[0m
  [1m[36mActiveRecord::SchemaMigration Pluck (0.6ms)[0m  [1m[34mSELECT "schema_migrations"."version" FROM "schema_migrations" ORDER BY "schema_migrations"."version" ASC[0m
Migrating to CreateUsers (20230413140422)
  [1m[36mTRANSACTION (0.2ms)[0m  [1m[35mBEGIN[0m
  [1m[35m (9.0ms)[0m  [1m[35mCREATE TABLE "users" ("id" bigserial primary key, "username" character varying, "full_name" character varying, "email" character varying, "password_digest" character varying, "user_type" character varying, "created_at" timestamp(6) NOT NULL, "updated_at" timestamp(6) NOT NULL)[0m
  [1m[36mActiveRecord::SchemaMigration Create (0.9ms)[0m  [1m[32mINSERT INTO "schema_migrations" ("version") VALUES ($1) RETURNING "version"[0m  [["version", "20230413140422"]]
  [1m[36mTRANSACTION (2.5ms)[0m  [1m[35mCOMMIT[0m
Migrating to CreateParcels (20230413144105)
  [1m[36mTRANSACTION (0.2ms)[0m  [1m[35mBEGIN[0m
  [1m[35m (10.0ms)[0m  [1m[35mCREATE TABLE "parcels" ("id" bigserial primary key, "user_id" bigint NOT NULL, "parcel_name" character varying, "pickup_location" character varying, "destination" character varying, "weight" integer, "price" integer, "created_at" timestamp(6) NOT NULL, "updated_at" timestamp(6) NOT NULL, CONSTRAINT "fk_rails_428af28b9c"
FOREIGN KEY ("user_id")
  REFERENCES "users" ("id")
)[0m
  [1m[35m (3.9ms)[0m  [1m[35mCREATE INDEX "index_parcels_on_user_id" ON "parcels" ("user_id")[0m
  [1m[36mActiveRecord::SchemaMigration Create (0.4ms)[0m  [1m[32mINSERT INTO "schema_migrations" ("version") VALUES ($1) RETURNING "version"[0m  [["version", "20230413144105"]]
  [1m[36mTRANSACTION (2.2ms)[0m  [1m[35mCOMMIT[0m
Migrating to CreateStatuses (20230413144435)
  [1m[36mTRANSACTION (0.3ms)[0m  [1m[35mBEGIN[0m
  [1m[35m (10.0ms)[0m  [1m[35mCREATE TABLE "statuses" ("id" bigserial primary key, "parcel_id" bigint NOT NULL, "location" character varying, "status" character varying, "created_at" timestamp(6) NOT NULL, "updated_at" timestamp(6) NOT NULL, CONSTRAINT "fk_rails_bccb667b97"
FOREIGN KEY ("parcel_id")
  REFERENCES "parcels" ("id")
)[0m
  [1m[35m (3.9ms)[0m  [1m[35mCREATE INDEX "index_statuses_on_parcel_id" ON "statuses" ("parcel_id")[0m
  [1m[36mActiveRecord::SchemaMigration Create (0.3ms)[0m  [1m[32mINSERT INTO "schema_migrations" ("version") VALUES ($1) RETURNING "version"[0m  [["version", "20230413144435"]]
  [1m[36mTRANSACTION (2.2ms)[0m  [1m[35mCOMMIT[0m
Migrating to AddDescriptionToParcels (20230419142235)
  [1m[36mTRANSACTION (0.3ms)[0m  [1m[35mBEGIN[0m
  [1m[35m (0.5ms)[0m  [1m[35mALTER TABLE "parcels" ADD "description" character varying[0m
  [1m[36mActiveRecord::SchemaMigration Create (0.5ms)[0m  [1m[32mINSERT INTO "schema_migrations" ("version") VALUES ($1) RETURNING "version"[0m  [["version", "20230419142235"]]
  [1m[36mTRANSACTION (2.2ms)[0m  [1m[35mCOMMIT[0m
  [1m[36mActiveRecord::InternalMetadata Load (0.6ms)[0m  [1m[34mSELECT "ar_internal_metadata".* FROM "ar_internal_metadata" WHERE "ar_internal_metadata"."key" = $1 LIMIT $2[0m  [["key", "environment"], ["LIMIT", 1]]
  [1m[36mTRANSACTION (0.2ms)[0m  [1m[35mBEGIN[0m
  [1m[36mActiveRecord::InternalMetadata Create (6.1ms)[0m  [1m[32mINSERT INTO "ar_internal_metadata" ("key", "value", "created_at", "updated_at") VALUES ($1, $2, $3, $4) RETURNING "key"[0m  [["key", "environment"], ["value", "development"], ["created_at", "2023-06-06 03:32:33.376794"], ["updated_at", "2023-06-06 03:32:33.376794"]]
  [1m[36mTRANSACTION (2.4ms)[0m  [1m[35mCOMMIT[0m
  [1m[35m (0.5ms)[0m  [1m[34mSELECT pg_advisory_unlock(6424274576875799280)[0m
  [1m[36mActiveRecord::SchemaMigration Pluck (1.1ms)[0m  [1m[34mSELECT "schema_migrations"."version" FROM "schema_migrations" ORDER BY "schema_migrations"."version" ASC[0m
  [1m[36mTRANSACTION (0.2ms)[0m  [1m[35mBEGIN[0m
  [1m[36mUser Exists? (1.0ms)[0m  [1m[34mSELECT 1 AS one FROM "users" WHERE "users"."username" = $1 LIMIT $2[0m  [["username", "Morris"], ["LIMIT", 1]]
  [1m[36mUser Exists? (0.3ms)[0m  [1m[34mSELECT 1 AS one FROM "users" WHERE "users"."email" = $1 LIMIT $2[0m  [["email", "morris.waithaka42@gmail.com"], ["LIMIT", 1]]
  [1m[36mTRANSACTION (0.2ms)[0m  [1m[31mROLLBACK[0m
Started POST "/login" for 127.0.0.1 at 2023-06-06 06:40:02 +0300
  [1m[36mActiveRecord::SchemaMigration Pluck (0.5ms)[0m  [1m[34mSELECT "schema_migrations"."version" FROM "schema_migrations" ORDER BY "schema_migrations"."version" ASC[0m
Processing by SessionsController#create as */*
  Parameters: {"formData"=>{"username"=>"Morris", "password"=>"[FILTERED]"}, "session"=>{"formData"=>{"username"=>"Morris", "password"=>"[FILTERED]"}}}
  [1m[36mUser Load (0.4ms)[0m  [1m[34mSELECT "users".* FROM "users" WHERE "users"."username" = $1 LIMIT $2[0m  [["username", "Morris"], ["LIMIT", 1]]
  ↳ app/controllers/sessions_controller.rb:3:in `create'
[active_model_serializers] Rendered ActiveModel::Serializer::Null with Hash (0.12ms)
Completed 401 Unauthorized in 27ms (Views: 2.0ms | ActiveRecord: 2.4ms | Allocations: 9732)


Started POST "/login" for 127.0.0.1 at 2023-06-06 06:40:52 +0300
Processing by SessionsController#create as */*
  Parameters: {"formData"=>{"username"=>"Morris", "password"=>"[FILTERED]"}, "session"=>{"formData"=>{"username"=>"Morris", "password"=>"[FILTERED]"}}}
  [1m[36mUser Load (0.6ms)[0m  [1m[34mSELECT "users".* FROM "users" WHERE "users"."username" = $1 LIMIT $2[0m  [["username", "Morris"], ["LIMIT", 1]]
  ↳ app/controllers/sessions_controller.rb:3:in `create'
[active_model_serializers] Rendered ActiveModel::Serializer::Null with Hash (0.11ms)
Completed 401 Unauthorized in 7ms (Views: 0.7ms | ActiveRecord: 0.6ms | Allocations: 699)


Started GET "/logged-in" for 127.0.0.1 at 2023-06-07 18:01:31 +0300
Started GET "/logged-in" for 127.0.0.1 at 2023-06-07 18:01:31 +0300
Started GET "/logged-in" for 127.0.0.1 at 2023-06-07 18:01:31 +0300
Started GET "/logged-in" for 127.0.0.1 at 2023-06-07 18:01:31 +0300
  [1m[36mActiveRecord::SchemaMigration Pluck (1.1ms)[0m  [1m[34mSELECT "schema_migrations"."version" FROM "schema_migrations" ORDER BY "schema_migrations"."version" ASC[0m
Processing by UsersController#logged_in as */*
Processing by UsersController#logged_in as */*
Processing by UsersController#logged_in as */*
Processing by UsersController#logged_in as */*
  [1m[36mUser Load (0.6ms)[0m  [1m[34mSELECT "users".* FROM "users" WHERE "users"."id" IS NULL LIMIT $1[0m  [["LIMIT", 1]]
  ↳ app/controllers/users_controller.rb:25:in `logged_in'
[active_model_serializers] Rendered ActiveModel::Serializer::Null with Hash (0.39ms)
Completed 401 Unauthorized in 35ms (Views: 3.0ms | ActiveRecord: 4.8ms | Allocations: 13597)


  [1m[36mUser Load (0.4ms)[0m  [1m[34mSELECT "users".* FROM "users" WHERE "users"."id" IS NULL LIMIT $1[0m  [["LIMIT", 1]]
  [1m[36mUser Load (3.4ms)[0m  [1m[34mSELECT "users".* FROM "users" WHERE "users"."id" IS NULL LIMIT $1[0m  [["LIMIT", 1]]
  ↳ app/controllers/users_controller.rb:25:in `logged_in'
  ↳ app/controllers/users_controller.rb:25:in `logged_in'
  [1m[36mUser Load (10.1ms)[0m  [1m[34mSELECT "users".* FROM "users" WHERE "users"."id" IS NULL LIMIT $1[0m  [["LIMIT", 1]]
[active_model_serializers] Rendered ActiveModel::Serializer::Null with Hash (0.06ms)
[active_model_serializers] Rendered ActiveModel::Serializer::Null with Hash (0.07ms)
Completed 401 Unauthorized in 91ms (Views: 7.0ms | ActiveRecord: 32.4ms | Allocations: 21023)


Completed 401 Unauthorized in 89ms (Views: 7.3ms | ActiveRecord: 22.0ms | Allocations: 21130)


  ↳ app/controllers/users_controller.rb:25:in `logged_in'
[active_model_serializers] Rendered ActiveModel::Serializer::Null with Hash (0.09ms)
Completed 401 Unauthorized in 98ms (Views: 0.6ms | ActiveRecord: 28.3ms | Allocations: 21623)


  [1m[36mTRANSACTION (0.2ms)[0m  [1m[35mBEGIN[0m
  [1m[36mUser Exists? (1.4ms)[0m  [1m[34mSELECT 1 AS one FROM "users" WHERE "users"."username" = $1 LIMIT $2[0m  [["username", "Waithaka"], ["LIMIT", 1]]
  [1m[36mUser Exists? (0.4ms)[0m  [1m[34mSELECT 1 AS one FROM "users" WHERE "users"."email" = $1 LIMIT $2[0m  [["email", "morris.waithaka42@gmail.com"], ["LIMIT", 1]]
  [1m[36mUser Create (1.8ms)[0m  [1m[32mINSERT INTO "users" ("username", "full_name", "email", "password_digest", "user_type", "created_at", "updated_at") VALUES ($1, $2, $3, $4, $5, $6, $7) RETURNING "id"[0m  [["username", "Waithaka"], ["full_name", "Morris Waithaka"], ["email", "morris.waithaka42@gmail.com"], ["password_digest", "[FILTERED]"], ["user_type", "Admin"], ["created_at", "2023-06-07 18:55:54.670301"], ["updated_at", "2023-06-07 18:55:54.670301"]]
  [1m[36mTRANSACTION (2.6ms)[0m  [1m[35mCOMMIT[0m
Started GET "/logged-in" for 127.0.0.1 at 2023-06-07 21:58:43 +0300
Started GET "/logged-in" for 127.0.0.1 at 2023-06-07 21:58:43 +0300
Started GET "/logged-in" for 127.0.0.1 at 2023-06-07 21:58:43 +0300
Started GET "/logged-in" for 127.0.0.1 at 2023-06-07 21:58:43 +0300
  [1m[36mActiveRecord::SchemaMigration Pluck (0.5ms)[0m  [1m[34mSELECT "schema_migrations"."version" FROM "schema_migrations" ORDER BY "schema_migrations"."version" ASC[0m
Processing by UsersController#logged_in as */*
Processing by UsersController#logged_in as */*
Processing by UsersController#logged_in as */*
Processing by UsersController#logged_in as */*
  [1m[36mUser Load (0.6ms)[0m  [1m[34mSELECT "users".* FROM "users" WHERE "users"."id" IS NULL LIMIT $1[0m  [["LIMIT", 1]]
  ↳ app/controllers/users_controller.rb:25:in `logged_in'
[active_model_serializers] Rendered ActiveModel::Serializer::Null with Hash (0.23ms)
Completed 401 Unauthorized in 84ms (Views: 5.4ms | ActiveRecord: 4.6ms | Allocations: 13509)


  [1m[36mUser Load (0.9ms)[0m  [1m[34mSELECT "users".* FROM "users" WHERE "users"."id" IS NULL LIMIT $1[0m  [["LIMIT", 1]]
  [1m[36mUser Load (1.0ms)[0m  [1m[34mSELECT "users".* FROM "users" WHERE "users"."id" IS NULL LIMIT $1[0m  [["LIMIT", 1]]
  ↳ app/controllers/users_controller.rb:25:in `logged_in'
  [1m[36mUser Load (1.2ms)[0m  [1m[34mSELECT "users".* FROM "users" WHERE "users"."id" IS NULL LIMIT $1[0m  [["LIMIT", 1]]
[active_model_serializers] Rendered ActiveModel::Serializer::Null with Hash (0.11ms)
  ↳ app/controllers/users_controller.rb:25:in `logged_in'
  ↳ app/controllers/users_controller.rb:25:in `logged_in'
Completed 401 Unauthorized in 108ms (Views: 1.9ms | ActiveRecord: 17.4ms | Allocations: 20901)


[active_model_serializers] Rendered ActiveModel::Serializer::Null with Hash (0.09ms)
Completed 401 Unauthorized in 112ms (Views: 2.7ms | ActiveRecord: 17.5ms | Allocations: 22153)


[active_model_serializers] Rendered ActiveModel::Serializer::Null with Hash (0.06ms)
Completed 401 Unauthorized in 112ms (Views: 3.2ms | ActiveRecord: 17.9ms | Allocations: 21867)


Started POST "/login" for 127.0.0.1 at 2023-06-07 21:59:14 +0300
Processing by SessionsController#create as */*
  Parameters: {"formData"=>{"username"=>"Waithaka", "password"=>"[FILTERED]"}, "session"=>{"formData"=>{"username"=>"Waithaka", "password"=>"[FILTERED]"}}}
  [1m[36mUser Load (0.5ms)[0m  [1m[34mSELECT "users".* FROM "users" WHERE "users"."username" = $1 LIMIT $2[0m  [["username", "Waithaka"], ["LIMIT", 1]]
  ↳ app/controllers/sessions_controller.rb:3:in `create'
[active_model_serializers]   [1m[36mParcel Load (1.6ms)[0m  [1m[34mSELECT "parcels".* FROM "parcels" WHERE "parcels"."user_id" = $1[0m  [["user_id", 1]]
[active_model_serializers]   ↳ app/controllers/sessions_controller.rb:8:in `create'
[active_model_serializers] Rendered UserSerializer with ActiveModelSerializers::Adapter::Attributes (23.99ms)
Completed 201 Created in 357ms (Views: 39.2ms | ActiveRecord: 8.2ms | Allocations: 17521)


Started GET "/logged-in" for 127.0.0.1 at 2023-06-07 21:59:16 +0300
Started GET "/logged-in" for 127.0.0.1 at 2023-06-07 21:59:16 +0300
Processing by UsersController#logged_in as */*
  [1m[36mUser Load (1.0ms)[0m  [1m[34mSELECT "users".* FROM "users" WHERE "users"."id" = $1 LIMIT $2[0m  [["id", 1], ["LIMIT", 1]]
  ↳ app/controllers/users_controller.rb:25:in `logged_in'
[active_model_serializers]   [1m[36mParcel Load (0.8ms)[0m  [1m[34mSELECT "parcels".* FROM "parcels" WHERE "parcels"."user_id" = $1[0m  [["user_id", 1]]
[active_model_serializers]   ↳ app/controllers/users_controller.rb:27:in `logged_in'
[active_model_serializers] Rendered UserSerializer with ActiveModelSerializers::Adapter::Attributes (7.02ms)
Completed 200 OK in 18ms (Views: 8.6ms | ActiveRecord: 1.8ms | Allocations: 2342)


Processing by UsersController#logged_in as */*
  [1m[36mUser Load (1.3ms)[0m  [1m[34mSELECT "users".* FROM "users" WHERE "users"."id" = $1 LIMIT $2[0m  [["id", 1], ["LIMIT", 1]]
  ↳ app/controllers/users_controller.rb:25:in `logged_in'
[active_model_serializers]   [1m[36mParcel Load (0.7ms)[0m  [1m[34mSELECT "parcels".* FROM "parcels" WHERE "parcels"."user_id" = $1[0m  [["user_id", 1]]
[active_model_serializers]   ↳ app/controllers/users_controller.rb:27:in `logged_in'
[active_model_serializers] Rendered UserSerializer with ActiveModelSerializers::Adapter::Attributes (10.17ms)
Completed 200 OK in 24ms (Views: 12.0ms | ActiveRecord: 2.0ms | Allocations: 1980)


Started GET "/parcels" for 127.0.0.1 at 2023-06-07 21:59:19 +0300
Processing by ParcelsController#index as */*
Started GET "/parcels" for 127.0.0.1 at 2023-06-07 21:59:19 +0300
  [1m[36mParcel Load (1.1ms)[0m  [1m[34mSELECT "parcels".* FROM "parcels"[0m
  ↳ app/controllers/parcels_controller.rb:4:in `index'
[active_model_serializers] Rendered ActiveModel::Serializer::CollectionSerializer with ActiveModelSerializers::Adapter::Attributes (0.11ms)
Completed 200 OK in 6ms (Views: 4.1ms | ActiveRecord: 1.1ms | Allocations: 1319)


Processing by ParcelsController#index as */*
  [1m[36mParcel Load (0.5ms)[0m  [1m[34mSELECT "parcels".* FROM "parcels"[0m
  ↳ app/controllers/parcels_controller.rb:4:in `index'
[active_model_serializers] Rendered ActiveModel::Serializer::CollectionSerializer with ActiveModelSerializers::Adapter::Attributes (0.07ms)
Completed 200 OK in 3ms (Views: 2.4ms | ActiveRecord: 0.5ms | Allocations: 845)


Started DELETE "/logout" for 127.0.0.1 at 2023-06-07 22:00:21 +0300
Processing by SessionsController#destroy as */*
Completed 204 No Content in 0ms (ActiveRecord: 0.0ms | Allocations: 187)


Started GET "/logged-in" for 127.0.0.1 at 2023-06-07 22:00:22 +0300
Started GET "/logged-in" for 127.0.0.1 at 2023-06-07 22:00:22 +0300
Processing by UsersController#logged_in as */*
Processing by UsersController#logged_in as */*
  [1m[36mUser Load (2.0ms)[0m  [1m[34mSELECT "users".* FROM "users" WHERE "users"."id" IS NULL LIMIT $1[0m  [["LIMIT", 1]]
  ↳ app/controllers/users_controller.rb:25:in `logged_in'
[active_model_serializers] Rendered ActiveModel::Serializer::Null with Hash (0.23ms)
  [1m[36mUser Load (3.7ms)[0m  [1m[34mSELECT "users".* FROM "users" WHERE "users"."id" IS NULL LIMIT $1[0m  [["LIMIT", 1]]
Completed 401 Unauthorized in 12ms (Views: 2.1ms | ActiveRecord: 2.0ms | Allocations: 1457)


  ↳ app/controllers/users_controller.rb:25:in `logged_in'
[active_model_serializers] Rendered ActiveModel::Serializer::Null with Hash (0.29ms)
Completed 401 Unauthorized in 14ms (Views: 1.8ms | ActiveRecord: 3.7ms | Allocations: 1969)


Started GET "/logged-in" for 127.0.0.1 at 2023-06-07 22:13:01 +0300
Started GET "/logged-in" for 127.0.0.1 at 2023-06-07 22:13:01 +0300
Processing by UsersController#logged_in as */*
Processing by UsersController#logged_in as */*
  [1m[36mUser Load (1.1ms)[0m  [1m[34mSELECT "users".* FROM "users" WHERE "users"."id" IS NULL LIMIT $1[0m  [["LIMIT", 1]]
  [1m[36mUser Load (1.6ms)[0m  [1m[34mSELECT "users".* FROM "users" WHERE "users"."id" IS NULL LIMIT $1[0m  [["LIMIT", 1]]
  ↳ app/controllers/users_controller.rb:25:in `logged_in'
  ↳ app/controllers/users_controller.rb:25:in `logged_in'
[active_model_serializers] Rendered ActiveModel::Serializer::Null with Hash (0.25ms)
[active_model_serializers] Rendered ActiveModel::Serializer::Null with Hash (0.1ms)
Completed 401 Unauthorized in 37ms (Views: 2.6ms | ActiveRecord: 14.5ms | Allocations: 7933)


Completed 401 Unauthorized in 35ms (Views: 1.4ms | ActiveRecord: 12.6ms | Allocations: 6637)


Started GET "/logged-in" for 127.0.0.1 at 2023-06-07 22:13:05 +0300
Started GET "/logged-in" for 127.0.0.1 at 2023-06-07 22:13:05 +0300
Processing by UsersController#logged_in as */*
  [1m[36mUser Load (0.3ms)[0m  [1m[34mSELECT "users".* FROM "users" WHERE "users"."id" IS NULL LIMIT $1[0m  [["LIMIT", 1]]
  ↳ app/controllers/users_controller.rb:25:in `logged_in'
[active_model_serializers] Rendered ActiveModel::Serializer::Null with Hash (0.07ms)
Completed 401 Unauthorized in 5ms (Views: 1.0ms | ActiveRecord: 0.3ms | Allocations: 986)


Processing by UsersController#logged_in as */*
  [1m[36mUser Load (0.5ms)[0m  [1m[34mSELECT "users".* FROM "users" WHERE "users"."id" IS NULL LIMIT $1[0m  [["LIMIT", 1]]
  ↳ app/controllers/users_controller.rb:25:in `logged_in'
[active_model_serializers] Rendered ActiveModel::Serializer::Null with Hash (0.08ms)
Completed 401 Unauthorized in 5ms (Views: 0.7ms | ActiveRecord: 0.5ms | Allocations: 941)


Started POST "/login" for 127.0.0.1 at 2023-06-07 22:13:58 +0300
Processing by SessionsController#create as */*
  Parameters: {"formData"=>{"username"=>"Waithaka", "password"=>"[FILTERED]"}, "session"=>{"formData"=>{"username"=>"Waithaka", "password"=>"[FILTERED]"}}}
  [1m[36mUser Load (0.8ms)[0m  [1m[34mSELECT "users".* FROM "users" WHERE "users"."username" = $1 LIMIT $2[0m  [["username", "Waithaka"], ["LIMIT", 1]]
  ↳ app/controllers/sessions_controller.rb:3:in `create'
[active_model_serializers]   [1m[36mParcel Load (0.4ms)[0m  [1m[34mSELECT "parcels".* FROM "parcels" WHERE "parcels"."user_id" = $1[0m  [["user_id", 1]]
[active_model_serializers]   ↳ app/controllers/sessions_controller.rb:8:in `create'
[active_model_serializers] Rendered UserSerializer with ActiveModelSerializers::Adapter::Attributes (3.87ms)
Completed 201 Created in 296ms (Views: 4.1ms | ActiveRecord: 1.2ms | Allocations: 2060)


Started GET "/logged-in" for 127.0.0.1 at 2023-06-07 22:14:00 +0300
Started GET "/logged-in" for 127.0.0.1 at 2023-06-07 22:14:00 +0300
Processing by UsersController#logged_in as */*
  [1m[36mUser Load (0.4ms)[0m  [1m[34mSELECT "users".* FROM "users" WHERE "users"."id" = $1 LIMIT $2[0m  [["id", 1], ["LIMIT", 1]]
  ↳ app/controllers/users_controller.rb:25:in `logged_in'
[active_model_serializers]   [1m[36mParcel Load (0.7ms)[0m  [1m[34mSELECT "parcels".* FROM "parcels" WHERE "parcels"."user_id" = $1[0m  [["user_id", 1]]
[active_model_serializers]   ↳ app/controllers/users_controller.rb:27:in `logged_in'
[active_model_serializers] Rendered UserSerializer with ActiveModelSerializers::Adapter::Attributes (9.16ms)
Completed 200 OK in 15ms (Views: 9.8ms | ActiveRecord: 1.1ms | Allocations: 2359)


Processing by UsersController#logged_in as */*
  [1m[36mUser Load (0.4ms)[0m  [1m[34mSELECT "users".* FROM "users" WHERE "users"."id" = $1 LIMIT $2[0m  [["id", 1], ["LIMIT", 1]]
  ↳ app/controllers/users_controller.rb:25:in `logged_in'
[active_model_serializers]   [1m[36mParcel Load (0.6ms)[0m  [1m[34mSELECT "parcels".* FROM "parcels" WHERE "parcels"."user_id" = $1[0m  [["user_id", 1]]
[active_model_serializers]   ↳ app/controllers/users_controller.rb:27:in `logged_in'
[active_model_serializers] Rendered UserSerializer with ActiveModelSerializers::Adapter::Attributes (6.15ms)
Completed 200 OK in 11ms (Views: 6.7ms | ActiveRecord: 1.0ms | Allocations: 1986)


Started GET "/logged-in" for 127.0.0.1 at 2023-06-07 22:14:36 +0300
Processing by UsersController#logged_in as */*
  [1m[36mUser Load (0.5ms)[0m  [1m[34mSELECT "users".* FROM "users" WHERE "users"."id" = $1 LIMIT $2[0m  [["id", 1], ["LIMIT", 1]]
  ↳ app/controllers/users_controller.rb:25:in `logged_in'
[active_model_serializers]   [1m[36mParcel Load (0.4ms)[0m  [1m[34mSELECT "parcels".* FROM "parcels" WHERE "parcels"."user_id" = $1[0m  [["user_id", 1]]
[active_model_serializers]   ↳ app/controllers/users_controller.rb:27:in `logged_in'
[active_model_serializers] Rendered UserSerializer with ActiveModelSerializers::Adapter::Attributes (6.32ms)
Completed 200 OK in 12ms (Views: 7.4ms | ActiveRecord: 1.0ms | Allocations: 1977)


Started GET "/logged-in" for 127.0.0.1 at 2023-06-07 22:14:36 +0300
Processing by UsersController#logged_in as */*
  [1m[36mUser Load (0.6ms)[0m  [1m[34mSELECT "users".* FROM "users" WHERE "users"."id" = $1 LIMIT $2[0m  [["id", 1], ["LIMIT", 1]]
  ↳ app/controllers/users_controller.rb:25:in `logged_in'
[active_model_serializers]   [1m[36mParcel Load (0.4ms)[0m  [1m[34mSELECT "parcels".* FROM "parcels" WHERE "parcels"."user_id" = $1[0m  [["user_id", 1]]
[active_model_serializers]   ↳ app/controllers/users_controller.rb:27:in `logged_in'
[active_model_serializers] Rendered UserSerializer with ActiveModelSerializers::Adapter::Attributes (3.71ms)
Completed 200 OK in 9ms (Views: 4.3ms | ActiveRecord: 1.0ms | Allocations: 1977)


Started GET "/parcels" for 127.0.0.1 at 2023-06-07 22:15:00 +0300
Started GET "/parcels" for 127.0.0.1 at 2023-06-07 22:15:00 +0300
Processing by ParcelsController#index as */*
  [1m[36mParcel Load (0.8ms)[0m  [1m[34mSELECT "parcels".* FROM "parcels"[0m
  ↳ app/controllers/parcels_controller.rb:4:in `index'
[active_model_serializers] Rendered ActiveModel::Serializer::CollectionSerializer with ActiveModelSerializers::Adapter::Attributes (0.14ms)
Completed 200 OK in 7ms (Views: 5.6ms | ActiveRecord: 0.8ms | Allocations: 919)


Processing by ParcelsController#index as */*
  [1m[36mParcel Load (0.4ms)[0m  [1m[34mSELECT "parcels".* FROM "parcels"[0m
  ↳ app/controllers/parcels_controller.rb:4:in `index'
[active_model_serializers] Rendered ActiveModel::Serializer::CollectionSerializer with ActiveModelSerializers::Adapter::Attributes (0.08ms)
Completed 200 OK in 4ms (Views: 2.7ms | ActiveRecord: 0.4ms | Allocations: 845)


Started DELETE "/logout" for 127.0.0.1 at 2023-06-07 22:15:08 +0300
Processing by SessionsController#destroy as */*
Completed 204 No Content in 1ms (ActiveRecord: 0.0ms | Allocations: 164)


Started GET "/logged-in" for 127.0.0.1 at 2023-06-07 22:15:09 +0300
Processing by UsersController#logged_in as */*
  [1m[36mUser Load (5.1ms)[0m  [1m[34mSELECT "users".* FROM "users" WHERE "users"."id" IS NULL LIMIT $1[0m  [["LIMIT", 1]]
  ↳ app/controllers/users_controller.rb:25:in `logged_in'
[active_model_serializers] Rendered ActiveModel::Serializer::Null with Hash (0.18ms)
Completed 401 Unauthorized in 10ms (Views: 1.4ms | ActiveRecord: 5.1ms | Allocations: 941)


Started GET "/logged-in" for 127.0.0.1 at 2023-06-07 22:15:09 +0300
Processing by UsersController#logged_in as */*
  [1m[36mUser Load (0.3ms)[0m  [1m[34mSELECT "users".* FROM "users" WHERE "users"."id" IS NULL LIMIT $1[0m  [["LIMIT", 1]]
  ↳ app/controllers/users_controller.rb:25:in `logged_in'
[active_model_serializers] Rendered ActiveModel::Serializer::Null with Hash (0.15ms)
Completed 401 Unauthorized in 4ms (Views: 0.8ms | ActiveRecord: 0.3ms | Allocations: 941)


Started POST "/users" for 127.0.0.1 at 2023-06-07 22:16:24 +0300
Processing by UsersController#create as */*
  Parameters: {"formData"=>{"username"=>"morris", "full_name"=>"morris waithaka", "email"=>"morris.waithaka42@gmail.com", "password"=>"[FILTERED]", "password_confirmation"=>"[FILTERED]", "user_type"=>"Customer"}, "user"=>{}}
  [1m[36mTRANSACTION (0.2ms)[0m  [1m[35mBEGIN[0m
  ↳ app/controllers/users_controller.rb:13:in `create'
  [1m[36mUser Exists? (0.5ms)[0m  [1m[34mSELECT 1 AS one FROM "users" WHERE "users"."username" = $1 LIMIT $2[0m  [["username", "morris"], ["LIMIT", 1]]
  ↳ app/controllers/users_controller.rb:13:in `create'
  [1m[36mUser Exists? (0.4ms)[0m  [1m[34mSELECT 1 AS one FROM "users" WHERE "users"."email" = $1 LIMIT $2[0m  [["email", "morris.waithaka42@gmail.com"], ["LIMIT", 1]]
  ↳ app/controllers/users_controller.rb:13:in `create'
  [1m[36mTRANSACTION (0.2ms)[0m  [1m[31mROLLBACK[0m
  ↳ app/controllers/users_controller.rb:13:in `create'
[active_model_serializers] Rendered ActiveModel::Serializer::Null with Hash (0.97ms)
Completed 422 Unprocessable Entity in 1445ms (Views: 1.7ms | ActiveRecord: 1.3ms | Allocations: 948711)


Started POST "/login" for 127.0.0.1 at 2023-06-07 22:16:45 +0300
Processing by SessionsController#create as */*
  Parameters: {"formData"=>{"username"=>"morris", "password"=>"[FILTERED]"}, "session"=>{"formData"=>{"username"=>"morris", "password"=>"[FILTERED]"}}}
  [1m[36mUser Load (0.4ms)[0m  [1m[34mSELECT "users".* FROM "users" WHERE "users"."username" = $1 LIMIT $2[0m  [["username", "morris"], ["LIMIT", 1]]
  ↳ app/controllers/sessions_controller.rb:3:in `create'
[active_model_serializers] Rendered ActiveModel::Serializer::Null with Hash (0.16ms)
Completed 401 Unauthorized in 4ms (Views: 0.9ms | ActiveRecord: 0.4ms | Allocations: 683)


Started POST "/login" for 127.0.0.1 at 2023-06-07 22:16:54 +0300
Processing by SessionsController#create as */*
  Parameters: {"formData"=>{"username"=>"morris waithaka", "password"=>"[FILTERED]"}, "session"=>{"formData"=>{"username"=>"morris waithaka", "password"=>"[FILTERED]"}}}
  [1m[36mUser Load (0.4ms)[0m  [1m[34mSELECT "users".* FROM "users" WHERE "users"."username" = $1 LIMIT $2[0m  [["username", "morris waithaka"], ["LIMIT", 1]]
  ↳ app/controllers/sessions_controller.rb:3:in `create'
[active_model_serializers] Rendered ActiveModel::Serializer::Null with Hash (0.1ms)
Completed 401 Unauthorized in 3ms (Views: 0.7ms | ActiveRecord: 0.4ms | Allocations: 682)


  [1m[36mUser Load (0.5ms)[0m  [1m[34mSELECT "users".* FROM "users"[0m
Started POST "/users" for 127.0.0.1 at 2023-06-07 22:18:39 +0300
Processing by UsersController#create as */*
  Parameters: {"formData"=>{"username"=>"morris", "full_name"=>"morris waithaka", "email"=>"morris.waithaka@gmail.com", "password"=>"[FILTERED]", "password_confirmation"=>"[FILTERED]", "user_type"=>"Customer"}, "user"=>{}}
  [1m[36mTRANSACTION (0.2ms)[0m  [1m[35mBEGIN[0m
  ↳ app/controllers/users_controller.rb:13:in `create'
  [1m[36mUser Exists? (0.5ms)[0m  [1m[34mSELECT 1 AS one FROM "users" WHERE "users"."username" = $1 LIMIT $2[0m  [["username", "morris"], ["LIMIT", 1]]
  ↳ app/controllers/users_controller.rb:13:in `create'
  [1m[36mUser Exists? (0.4ms)[0m  [1m[34mSELECT 1 AS one FROM "users" WHERE "users"."email" = $1 LIMIT $2[0m  [["email", "morris.waithaka@gmail.com"], ["LIMIT", 1]]
  ↳ app/controllers/users_controller.rb:13:in `create'
  [1m[36mUser Create (0.6ms)[0m  [1m[32mINSERT INTO "users" ("username", "full_name", "email", "password_digest", "user_type", "created_at", "updated_at") VALUES ($1, $2, $3, $4, $5, $6, $7) RETURNING "id"[0m  [["username", "morris"], ["full_name", "morris waithaka"], ["email", "morris.waithaka@gmail.com"], ["password_digest", "[FILTERED]"], ["user_type", "Customer"], ["created_at", "2023-06-07 19:18:39.357797"], ["updated_at", "2023-06-07 19:18:39.357797"]]
  ↳ app/controllers/users_controller.rb:13:in `create'
  [1m[36mTRANSACTION (5.2ms)[0m  [1m[35mCOMMIT[0m
  ↳ app/controllers/users_controller.rb:13:in `create'
[active_model_serializers]   [1m[36mParcel Load (0.3ms)[0m  [1m[34mSELECT "parcels".* FROM "parcels" WHERE "parcels"."user_id" = $1[0m  [["user_id", 2]]
[active_model_serializers]   ↳ app/controllers/users_controller.rb:14:in `create'
[active_model_serializers] Rendered UserSerializer with ActiveModelSerializers::Adapter::Attributes (2.86ms)
Completed 201 Created in 327ms (Views: 3.3ms | ActiveRecord: 7.2ms | Allocations: 5430)


Started POST "/login" for 127.0.0.1 at 2023-06-07 22:19:00 +0300
Processing by SessionsController#create as */*
  Parameters: {"formData"=>{"username"=>"morris", "password"=>"[FILTERED]"}, "session"=>{"formData"=>{"username"=>"morris", "password"=>"[FILTERED]"}}}
  [1m[36mUser Load (0.7ms)[0m  [1m[34mSELECT "users".* FROM "users" WHERE "users"."username" = $1 LIMIT $2[0m  [["username", "morris"], ["LIMIT", 1]]
  ↳ app/controllers/sessions_controller.rb:3:in `create'
[active_model_serializers]   [1m[36mParcel Load (0.3ms)[0m  [1m[34mSELECT "parcels".* FROM "parcels" WHERE "parcels"."user_id" = $1[0m  [["user_id", 2]]
[active_model_serializers]   ↳ app/controllers/sessions_controller.rb:8:in `create'
[active_model_serializers] Rendered UserSerializer with ActiveModelSerializers::Adapter::Attributes (2.94ms)
Completed 201 Created in 306ms (Views: 3.2ms | ActiveRecord: 1.0ms | Allocations: 2028)


Started GET "/logged-in" for 127.0.0.1 at 2023-06-07 22:19:02 +0300
Started GET "/logged-in" for 127.0.0.1 at 2023-06-07 22:19:02 +0300
Processing by UsersController#logged_in as */*
  [1m[36mUser Load (0.8ms)[0m  [1m[34mSELECT "users".* FROM "users" WHERE "users"."id" = $1 LIMIT $2[0m  [["id", 2], ["LIMIT", 1]]
  ↳ app/controllers/users_controller.rb:25:in `logged_in'
[active_model_serializers]   [1m[36mParcel Load (1.2ms)[0m  [1m[34mSELECT "parcels".* FROM "parcels" WHERE "parcels"."user_id" = $1[0m  [["user_id", 2]]
[active_model_serializers]   ↳ app/controllers/users_controller.rb:27:in `logged_in'
[active_model_serializers] Rendered UserSerializer with ActiveModelSerializers::Adapter::Attributes (9.44ms)
Completed 200 OK in 18ms (Views: 10.5ms | ActiveRecord: 2.0ms | Allocations: 2066)


Processing by UsersController#logged_in as */*
  [1m[36mUser Load (1.4ms)[0m  [1m[34mSELECT "users".* FROM "users" WHERE "users"."id" = $1 LIMIT $2[0m  [["id", 2], ["LIMIT", 1]]
  ↳ app/controllers/users_controller.rb:25:in `logged_in'
[active_model_serializers]   [1m[36mParcel Load (0.6ms)[0m  [1m[34mSELECT "parcels".* FROM "parcels" WHERE "parcels"."user_id" = $1[0m  [["user_id", 2]]
[active_model_serializers]   ↳ app/controllers/users_controller.rb:27:in `logged_in'
[active_model_serializers] Rendered UserSerializer with ActiveModelSerializers::Adapter::Attributes (12.96ms)
Completed 200 OK in 22ms (Views: 14.4ms | ActiveRecord: 2.0ms | Allocations: 1989)


Started GET "/logged-in" for 127.0.0.1 at 2023-06-07 22:23:45 +0300
Started GET "/logged-in" for 127.0.0.1 at 2023-06-07 22:23:45 +0300
Started GET "/logged-in" for 127.0.0.1 at 2023-06-07 22:23:45 +0300
Started GET "/logged-in" for 127.0.0.1 at 2023-06-07 22:23:45 +0300
Processing by UsersController#logged_in as */*
  [1m[36mUser Load (4.0ms)[0m  [1m[34mSELECT "users".* FROM "users" WHERE "users"."id" = $1 LIMIT $2[0m  [["id", 2], ["LIMIT", 1]]
  ↳ app/controllers/users_controller.rb:25:in `logged_in'
[active_model_serializers]   [1m[36mParcel Load (1.9ms)[0m  [1m[34mSELECT "parcels".* FROM "parcels" WHERE "parcels"."user_id" = $1[0m  [["user_id", 2]]
[active_model_serializers]   ↳ app/controllers/users_controller.rb:27:in `logged_in'
[active_model_serializers] Rendered UserSerializer with ActiveModelSerializers::Adapter::Attributes (16.7ms)
Completed 200 OK in 37ms (Views: 18.4ms | ActiveRecord: 5.9ms | Allocations: 2426)


Processing by UsersController#logged_in as */*
  [1m[36mUser Load (0.5ms)[0m  [1m[34mSELECT "users".* FROM "users" WHERE "users"."id" = $1 LIMIT $2[0m  [["id", 2], ["LIMIT", 1]]
Processing by UsersController#logged_in as */*
  ↳ app/controllers/users_controller.rb:25:in `logged_in'
Processing by UsersController#logged_in as */*
[active_model_serializers]   [1m[36mParcel Load (2.9ms)[0m  [1m[34mSELECT "parcels".* FROM "parcels" WHERE "parcels"."user_id" = $1[0m  [["user_id", 2]]
[active_model_serializers]   ↳ app/controllers/users_controller.rb:27:in `logged_in'
[active_model_serializers] Rendered UserSerializer with ActiveModelSerializers::Adapter::Attributes (10.98ms)
Completed 200 OK in 23ms (Views: 10.0ms | ActiveRecord: 3.4ms | Allocations: 4659)


  [1m[36mUser Load (0.5ms)[0m  [1m[34mSELECT "users".* FROM "users" WHERE "users"."id" = $1 LIMIT $2[0m  [["id", 2], ["LIMIT", 1]]
  [1m[36mUser Load (0.7ms)[0m  [1m[34mSELECT "users".* FROM "users" WHERE "users"."id" = $1 LIMIT $2[0m  [["id", 2], ["LIMIT", 1]]
  ↳ app/controllers/users_controller.rb:25:in `logged_in'
  ↳ app/controllers/users_controller.rb:25:in `logged_in'
[active_model_serializers]   [1m[36mParcel Load (0.6ms)[0m  [1m[34mSELECT "parcels".* FROM "parcels" WHERE "parcels"."user_id" = $1[0m  [["user_id", 2]]
[active_model_serializers]   [1m[36mParcel Load (0.6ms)[0m  [1m[34mSELECT "parcels".* FROM "parcels" WHERE "parcels"."user_id" = $1[0m  [["user_id", 2]]
[active_model_serializers]   ↳ app/controllers/users_controller.rb:27:in `logged_in'
[active_model_serializers]   ↳ app/controllers/users_controller.rb:27:in `logged_in'
[active_model_serializers] Rendered UserSerializer with ActiveModelSerializers::Adapter::Attributes (10.37ms)
[active_model_serializers] Rendered UserSerializer with ActiveModelSerializers::Adapter::Attributes (8.75ms)
Completed 200 OK in 51ms (Views: 11.3ms | ActiveRecord: 16.2ms | Allocations: 10069)


Completed 200 OK in 64ms (Views: 9.7ms | ActiveRecord: 24.7ms | Allocations: 11885)


Started GET "/parcels" for 127.0.0.1 at 2023-06-07 22:24:04 +0300
Started GET "/parcels" for 127.0.0.1 at 2023-06-07 22:24:04 +0300
Processing by ParcelsController#index as */*
  [1m[36mParcel Load (0.5ms)[0m  [1m[34mSELECT "parcels".* FROM "parcels"[0m
  ↳ app/controllers/parcels_controller.rb:4:in `index'
[active_model_serializers] Rendered ActiveModel::Serializer::CollectionSerializer with ActiveModelSerializers::Adapter::Attributes (0.18ms)
Completed 200 OK in 4ms (Views: 3.1ms | ActiveRecord: 0.5ms | Allocations: 912)


Processing by ParcelsController#index as */*
  [1m[36mParcel Load (0.5ms)[0m  [1m[34mSELECT "parcels".* FROM "parcels"[0m
  ↳ app/controllers/parcels_controller.rb:4:in `index'
[active_model_serializers] Rendered ActiveModel::Serializer::CollectionSerializer with ActiveModelSerializers::Adapter::Attributes (0.16ms)
Completed 200 OK in 4ms (Views: 3.2ms | ActiveRecord: 0.5ms | Allocations: 845)


Started GET "/parcels" for 127.0.0.1 at 2023-06-07 22:28:22 +0300
Processing by ParcelsController#index as */*
  [1m[36mParcel Load (0.5ms)[0m  [1m[34mSELECT "parcels".* FROM "parcels"[0m
  ↳ app/controllers/parcels_controller.rb:4:in `index'
[active_model_serializers] Rendered ActiveModel::Serializer::CollectionSerializer with ActiveModelSerializers::Adapter::Attributes (0.22ms)
Completed 200 OK in 6ms (Views: 5.1ms | ActiveRecord: 0.5ms | Allocations: 845)


Started GET "/parcels" for 127.0.0.1 at 2023-06-07 22:28:22 +0300
Processing by ParcelsController#index as */*
  [1m[36mParcel Load (0.3ms)[0m  [1m[34mSELECT "parcels".* FROM "parcels"[0m
  ↳ app/controllers/parcels_controller.rb:4:in `index'
[active_model_serializers] Rendered ActiveModel::Serializer::CollectionSerializer with ActiveModelSerializers::Adapter::Attributes (0.12ms)
Completed 200 OK in 3ms (Views: 2.9ms | ActiveRecord: 0.3ms | Allocations: 845)


Started GET "/logged-in" for 127.0.0.1 at 2023-06-08 04:32:16 +0300
Processing by UsersController#logged_in as */*
Started GET "/logged-in" for 127.0.0.1 at 2023-06-08 04:32:16 +0300
Processing by UsersController#logged_in as */*
  [1m[36mUser Load (1.8ms)[0m  [1m[34mSELECT "users".* FROM "users" WHERE "users"."id" = $1 LIMIT $2[0m  [["id", 2], ["LIMIT", 1]]
  [1m[36mUser Load (4.6ms)[0m  [1m[34mSELECT "users".* FROM "users" WHERE "users"."id" = $1 LIMIT $2[0m  [["id", 2], ["LIMIT", 1]]
  ↳ app/controllers/users_controller.rb:25:in `logged_in'
  ↳ app/controllers/users_controller.rb:25:in `logged_in'
[active_model_serializers]   [1m[36mParcel Load (0.8ms)[0m  [1m[34mSELECT "parcels".* FROM "parcels" WHERE "parcels"."user_id" = $1[0m  [["user_id", 2]]
[active_model_serializers]   [1m[36mParcel Load (1.1ms)[0m  [1m[34mSELECT "parcels".* FROM "parcels" WHERE "parcels"."user_id" = $1[0m  [["user_id", 2]]
[active_model_serializers]   ↳ app/controllers/users_controller.rb:27:in `logged_in'
[active_model_serializers]   ↳ app/controllers/users_controller.rb:27:in `logged_in'
[active_model_serializers] Rendered UserSerializer with ActiveModelSerializers::Adapter::Attributes (41.07ms)
[active_model_serializers] Rendered UserSerializer with ActiveModelSerializers::Adapter::Attributes (12.3ms)
Completed 200 OK in 232ms (Views: 50.5ms | ActiveRecord: 59.5ms | Allocations: 11331)


Completed 200 OK in 159ms (Views: 15.6ms | ActiveRecord: 51.8ms | Allocations: 8599)


Started GET "/parcels" for 127.0.0.1 at 2023-06-08 04:33:12 +0300
Processing by ParcelsController#index as */*
  [1m[36mParcel Load (0.5ms)[0m  [1m[34mSELECT "parcels".* FROM "parcels"[0m
  ↳ app/controllers/parcels_controller.rb:4:in `index'
[active_model_serializers] Rendered ActiveModel::Serializer::CollectionSerializer with ActiveModelSerializers::Adapter::Attributes (0.11ms)
Completed 200 OK in 8ms (Views: 6.8ms | ActiveRecord: 0.5ms | Allocations: 845)


Started GET "/parcels" for 127.0.0.1 at 2023-06-08 04:33:12 +0300
Processing by ParcelsController#index as */*
  [1m[36mParcel Load (0.5ms)[0m  [1m[34mSELECT "parcels".* FROM "parcels"[0m
  ↳ app/controllers/parcels_controller.rb:4:in `index'
[active_model_serializers] Rendered ActiveModel::Serializer::CollectionSerializer with ActiveModelSerializers::Adapter::Attributes (0.12ms)
Completed 200 OK in 5ms (Views: 4.3ms | ActiveRecord: 0.5ms | Allocations: 845)


Started DELETE "/logout" for 127.0.0.1 at 2023-06-08 04:33:26 +0300
Processing by SessionsController#destroy as */*
Completed 204 No Content in 1ms (ActiveRecord: 0.0ms | Allocations: 188)


Started GET "/logged-in" for 127.0.0.1 at 2023-06-08 04:33:27 +0300
Started GET "/logged-in" for 127.0.0.1 at 2023-06-08 04:33:27 +0300
Processing by UsersController#logged_in as */*
  [1m[36mUser Load (0.5ms)[0m  [1m[34mSELECT "users".* FROM "users" WHERE "users"."id" IS NULL LIMIT $1[0m  [["LIMIT", 1]]
  ↳ app/controllers/users_controller.rb:25:in `logged_in'
[active_model_serializers] Rendered ActiveModel::Serializer::Null with Hash (0.68ms)
Completed 401 Unauthorized in 14ms (Views: 2.0ms | ActiveRecord: 0.5ms | Allocations: 1000)


Processing by UsersController#logged_in as */*
  [1m[36mUser Load (0.3ms)[0m  [1m[34mSELECT "users".* FROM "users" WHERE "users"."id" IS NULL LIMIT $1[0m  [["LIMIT", 1]]
  ↳ app/controllers/users_controller.rb:25:in `logged_in'
[active_model_serializers] Rendered ActiveModel::Serializer::Null with Hash (0.14ms)
Completed 401 Unauthorized in 5ms (Views: 0.8ms | ActiveRecord: 0.3ms | Allocations: 938)


Started POST "/login" for 127.0.0.1 at 2023-06-08 04:34:03 +0300
Processing by SessionsController#create as */*
  Parameters: {"formData"=>{"username"=>"Waithaka", "password"=>"[FILTERED]"}, "session"=>{"formData"=>{"username"=>"Waithaka", "password"=>"[FILTERED]"}}}
  [1m[36mUser Load (0.8ms)[0m  [1m[34mSELECT "users".* FROM "users" WHERE "users"."username" = $1 LIMIT $2[0m  [["username", "Waithaka"], ["LIMIT", 1]]
  ↳ app/controllers/sessions_controller.rb:3:in `create'
[active_model_serializers]   [1m[36mParcel Load (0.4ms)[0m  [1m[34mSELECT "parcels".* FROM "parcels" WHERE "parcels"."user_id" = $1[0m  [["user_id", 1]]
[active_model_serializers]   ↳ app/controllers/sessions_controller.rb:8:in `create'
[active_model_serializers] Rendered UserSerializer with ActiveModelSerializers::Adapter::Attributes (3.45ms)
Completed 201 Created in 322ms (Views: 3.8ms | ActiveRecord: 1.2ms | Allocations: 2022)


Started GET "/logged-in" for 127.0.0.1 at 2023-06-08 04:34:05 +0300
Started GET "/logged-in" for 127.0.0.1 at 2023-06-08 04:34:05 +0300
Processing by UsersController#logged_in as */*
  [1m[36mUser Load (1.9ms)[0m  [1m[34mSELECT "users".* FROM "users" WHERE "users"."id" = $1 LIMIT $2[0m  [["id", 1], ["LIMIT", 1]]
  ↳ app/controllers/users_controller.rb:25:in `logged_in'
Processing by UsersController#logged_in as */*
[active_model_serializers]   [1m[36mParcel Load (2.7ms)[0m  [1m[34mSELECT "parcels".* FROM "parcels" WHERE "parcels"."user_id" = $1[0m  [["user_id", 1]]
[active_model_serializers]   ↳ app/controllers/users_controller.rb:27:in `logged_in'
[active_model_serializers] Rendered UserSerializer with ActiveModelSerializers::Adapter::Attributes (12.83ms)
Completed 200 OK in 33ms (Views: 14.9ms | ActiveRecord: 4.6ms | Allocations: 2446)


  [1m[36mUser Load (2.5ms)[0m  [1m[34mSELECT "users".* FROM "users" WHERE "users"."id" = $1 LIMIT $2[0m  [["id", 1], ["LIMIT", 1]]
  ↳ app/controllers/users_controller.rb:25:in `logged_in'
[active_model_serializers]   [1m[36mParcel Load (1.4ms)[0m  [1m[34mSELECT "parcels".* FROM "parcels" WHERE "parcels"."user_id" = $1[0m  [["user_id", 1]]
[active_model_serializers]   ↳ app/controllers/users_controller.rb:27:in `logged_in'
[active_model_serializers] Rendered UserSerializer with ActiveModelSerializers::Adapter::Attributes (12.23ms)
Completed 200 OK in 34ms (Views: 13.2ms | ActiveRecord: 4.0ms | Allocations: 3314)


Started GET "/parcels" for 127.0.0.1 at 2023-06-08 04:34:11 +0300
Processing by ParcelsController#index as */*
  [1m[36mParcel Load (0.6ms)[0m  [1m[34mSELECT "parcels".* FROM "parcels"[0m
  ↳ app/controllers/parcels_controller.rb:4:in `index'
[active_model_serializers] Rendered ActiveModel::Serializer::CollectionSerializer with ActiveModelSerializers::Adapter::Attributes (0.15ms)
Completed 200 OK in 5ms (Views: 3.8ms | ActiveRecord: 0.6ms | Allocations: 845)


Started GET "/parcels" for 127.0.0.1 at 2023-06-08 04:34:12 +0300
Processing by ParcelsController#index as */*
  [1m[36mParcel Load (0.3ms)[0m  [1m[34mSELECT "parcels".* FROM "parcels"[0m
  ↳ app/controllers/parcels_controller.rb:4:in `index'
[active_model_serializers] Rendered ActiveModel::Serializer::CollectionSerializer with ActiveModelSerializers::Adapter::Attributes (0.09ms)
Completed 200 OK in 4ms (Views: 3.1ms | ActiveRecord: 0.3ms | Allocations: 845)


Started GET "/logged-in" for 127.0.0.1 at 2023-06-12 02:38:01 +0300
Started GET "/logged-in" for 127.0.0.1 at 2023-06-12 02:38:01 +0300
Started GET "/logged-in" for 127.0.0.1 at 2023-06-12 02:38:01 +0300
Started GET "/logged-in" for 127.0.0.1 at 2023-06-12 02:38:01 +0300
  [1m[36mActiveRecord::SchemaMigration Pluck (2.1ms)[0m  [1m[34mSELECT "schema_migrations"."version" FROM "schema_migrations" ORDER BY "schema_migrations"."version" ASC[0m
Processing by UsersController#logged_in as */*
Processing by UsersController#logged_in as */*
Processing by UsersController#logged_in as */*
Processing by UsersController#logged_in as */*
  [1m[36mUser Load (1.3ms)[0m  [1m[34mSELECT "users".* FROM "users" WHERE "users"."id" IS NULL LIMIT $1[0m  [["LIMIT", 1]]
  ↳ app/controllers/users_controller.rb:25:in `logged_in'
[active_model_serializers] Rendered ActiveModel::Serializer::Null with Hash (0.28ms)
Completed 401 Unauthorized in 59ms (Views: 7.0ms | ActiveRecord: 7.6ms | Allocations: 13616)


  [1m[36mUser Load (0.7ms)[0m  [1m[34mSELECT "users".* FROM "users" WHERE "users"."id" IS NULL LIMIT $1[0m  [["LIMIT", 1]]
  ↳ app/controllers/users_controller.rb:25:in `logged_in'
[active_model_serializers] Rendered ActiveModel::Serializer::Null with Hash (0.13ms)
Completed 401 Unauthorized in 142ms (Views: 8.0ms | ActiveRecord: 51.1ms | Allocations: 20497)


  [1m[36mUser Load (9.8ms)[0m  [1m[34mSELECT "users".* FROM "users" WHERE "users"."id" IS NULL LIMIT $1[0m  [["LIMIT", 1]]
  ↳ app/controllers/users_controller.rb:25:in `logged_in'
  [1m[36mUser Load (11.7ms)[0m  [1m[34mSELECT "users".* FROM "users" WHERE "users"."id" IS NULL LIMIT $1[0m  [["LIMIT", 1]]
[active_model_serializers] Rendered ActiveModel::Serializer::Null with Hash (0.13ms)
  ↳ app/controllers/users_controller.rb:25:in `logged_in'
Completed 401 Unauthorized in 162ms (Views: 5.3ms | ActiveRecord: 60.5ms | Allocations: 21950)


[active_model_serializers] Rendered ActiveModel::Serializer::Null with Hash (0.16ms)
Completed 401 Unauthorized in 163ms (Views: 2.6ms | ActiveRecord: 70.9ms | Allocations: 21883)


Started GET "/logged-in" for 127.0.0.1 at 2023-06-14 03:00:15 +0300
Started GET "/logged-in" for 127.0.0.1 at 2023-06-14 03:00:15 +0300
Started GET "/logged-in" for 127.0.0.1 at 2023-06-14 03:00:15 +0300
Started GET "/logged-in" for 127.0.0.1 at 2023-06-14 03:00:15 +0300
  [1m[36mActiveRecord::SchemaMigration Pluck (2.2ms)[0m  [1m[34mSELECT "schema_migrations"."version" FROM "schema_migrations" ORDER BY "schema_migrations"."version" ASC[0m
Processing by UsersController#logged_in as */*
Processing by UsersController#logged_in as */*
Processing by UsersController#logged_in as */*
Processing by UsersController#logged_in as */*
  [1m[36mUser Load (1.5ms)[0m  [1m[34mSELECT "users".* FROM "users" WHERE "users"."id" IS NULL LIMIT $1[0m  [["LIMIT", 1]]
  ↳ app/controllers/users_controller.rb:25:in `logged_in'
[active_model_serializers] Rendered ActiveModel::Serializer::Null with Hash (0.41ms)
Completed 401 Unauthorized in 63ms (Views: 5.6ms | ActiveRecord: 6.4ms | Allocations: 13544)


  [1m[36mUser Load (0.5ms)[0m  [1m[34mSELECT "users".* FROM "users" WHERE "users"."id" IS NULL LIMIT $1[0m  [["LIMIT", 1]]
  [1m[36mUser Load (1.1ms)[0m  [1m[34mSELECT "users".* FROM "users" WHERE "users"."id" IS NULL LIMIT $1[0m  [["LIMIT", 1]]
  ↳ app/controllers/users_controller.rb:25:in `logged_in'
  ↳ app/controllers/users_controller.rb:25:in `logged_in'
[active_model_serializers] Rendered ActiveModel::Serializer::Null with Hash (0.23ms)
[active_model_serializers] Rendered ActiveModel::Serializer::Null with Hash (0.17ms)
Completed 401 Unauthorized in 88ms (Views: 2.5ms | ActiveRecord: 19.0ms | Allocations: 20442)


Completed 401 Unauthorized in 89ms (Views: 1.4ms | ActiveRecord: 21.9ms | Allocations: 20679)


  [1m[36mUser Load (2.1ms)[0m  [1m[34mSELECT "users".* FROM "users" WHERE "users"."id" IS NULL LIMIT $1[0m  [["LIMIT", 1]]
  ↳ app/controllers/users_controller.rb:25:in `logged_in'
[active_model_serializers] Rendered ActiveModel::Serializer::Null with Hash (0.12ms)
Completed 401 Unauthorized in 93ms (Views: 1.1ms | ActiveRecord: 19.3ms | Allocations: 21577)


Started GET "/logged-in" for 127.0.0.1 at 2023-06-14 03:01:42 +0300
Started GET "/logged-in" for 127.0.0.1 at 2023-06-14 03:01:42 +0300
Started GET "/logged-in" for 127.0.0.1 at 2023-06-14 03:01:42 +0300
Started GET "/logged-in" for 127.0.0.1 at 2023-06-14 03:01:42 +0300
Processing by UsersController#logged_in as */*
  [1m[36mUser Load (3.0ms)[0m  [1m[34mSELECT "users".* FROM "users" WHERE "users"."id" IS NULL LIMIT $1[0m  [["LIMIT", 1]]
  ↳ app/controllers/users_controller.rb:25:in `logged_in'
[active_model_serializers] Rendered ActiveModel::Serializer::Null with Hash (0.62ms)
Completed 401 Unauthorized in 17ms (Views: 2.2ms | ActiveRecord: 3.0ms | Allocations: 1587)


Processing by UsersController#logged_in as */*
  [1m[36mUser Load (0.4ms)[0m  [1m[34mSELECT "users".* FROM "users" WHERE "users"."id" IS NULL LIMIT $1[0m  [["LIMIT", 1]]
  ↳ app/controllers/users_controller.rb:25:in `logged_in'
[active_model_serializers] Rendered ActiveModel::Serializer::Null with Hash (0.1ms)
Completed 401 Unauthorized in 5ms (Views: 1.3ms | ActiveRecord: 0.4ms | Allocations: 1001)


Processing by UsersController#logged_in as */*
  [1m[36mUser Load (1.8ms)[0m  [1m[34mSELECT "users".* FROM "users" WHERE "users"."id" IS NULL LIMIT $1[0m  [["LIMIT", 1]]
  ↳ app/controllers/users_controller.rb:25:in `logged_in'
[active_model_serializers] Rendered ActiveModel::Serializer::Null with Hash (0.07ms)
Completed 401 Unauthorized in 8ms (Views: 0.8ms | ActiveRecord: 1.8ms | Allocations: 974)


Processing by UsersController#logged_in as */*
  [1m[36mUser Load (0.4ms)[0m  [1m[34mSELECT "users".* FROM "users" WHERE "users"."id" IS NULL LIMIT $1[0m  [["LIMIT", 1]]
  ↳ app/controllers/users_controller.rb:25:in `logged_in'
[active_model_serializers] Rendered ActiveModel::Serializer::Null with Hash (0.49ms)
Completed 401 Unauthorized in 9ms (Views: 3.7ms | ActiveRecord: 0.4ms | Allocations: 854)


Started GET "/logged-in" for 127.0.0.1 at 2023-06-14 03:04:58 +0300
Started GET "/logged-in" for 127.0.0.1 at 2023-06-14 03:04:58 +0300
Processing by UsersController#logged_in as */*
  [1m[36mUser Load (0.5ms)[0m  [1m[34mSELECT "users".* FROM "users" WHERE "users"."id" IS NULL LIMIT $1[0m  [["LIMIT", 1]]
  ↳ app/controllers/users_controller.rb:25:in `logged_in'
[active_model_serializers] Rendered ActiveModel::Serializer::Null with Hash (0.13ms)
Completed 401 Unauthorized in 6ms (Views: 0.8ms | ActiveRecord: 0.5ms | Allocations: 909)


Processing by UsersController#logged_in as */*
  [1m[36mUser Load (0.3ms)[0m  [1m[34mSELECT "users".* FROM "users" WHERE "users"."id" IS NULL LIMIT $1[0m  [["LIMIT", 1]]
  ↳ app/controllers/users_controller.rb:25:in `logged_in'
[active_model_serializers] Rendered ActiveModel::Serializer::Null with Hash (0.12ms)
Completed 401 Unauthorized in 5ms (Views: 0.9ms | ActiveRecord: 0.3ms | Allocations: 855)


Started GET "/logged-in" for 127.0.0.1 at 2023-06-14 03:06:16 +0300
Processing by UsersController#logged_in as */*
  [1m[36mUser Load (1.0ms)[0m  [1m[34mSELECT "users".* FROM "users" WHERE "users"."id" IS NULL LIMIT $1[0m  [["LIMIT", 1]]
  ↳ app/controllers/users_controller.rb:25:in `logged_in'
[active_model_serializers] Rendered ActiveModel::Serializer::Null with Hash (0.08ms)
Completed 401 Unauthorized in 4ms (Views: 0.6ms | ActiveRecord: 1.0ms | Allocations: 854)


Started GET "/logged-in" for 127.0.0.1 at 2023-06-14 03:19:04 +0300
Started GET "/logged-in" for 127.0.0.1 at 2023-06-14 03:19:04 +0300
Started GET "/logged-in" for 127.0.0.1 at 2023-06-14 03:19:04 +0300
Started GET "/logged-in" for 127.0.0.1 at 2023-06-14 03:19:04 +0300
Processing by UsersController#logged_in as */*
Processing by UsersController#logged_in as */*
Processing by UsersController#logged_in as */*
Processing by UsersController#logged_in as */*
  [1m[36mUser Load (1.8ms)[0m  [1m[34mSELECT "users".* FROM "users" WHERE "users"."id" IS NULL LIMIT $1[0m  [["LIMIT", 1]]
  ↳ app/controllers/users_controller.rb:25:in `logged_in'
[active_model_serializers] Rendered ActiveModel::Serializer::Null with Hash (0.11ms)
  [1m[36mUser Load (3.2ms)[0m  [1m[34mSELECT "users".* FROM "users" WHERE "users"."id" IS NULL LIMIT $1[0m  [["LIMIT", 1]]
Completed 401 Unauthorized in 50ms (Views: 1.6ms | ActiveRecord: 24.6ms | Allocations: 11448)


  ↳ app/controllers/users_controller.rb:25:in `logged_in'
[active_model_serializers] Rendered ActiveModel::Serializer::Null with Hash (0.09ms)
Completed 401 Unauthorized in 53ms (Views: 1.4ms | ActiveRecord: 26.7ms | Allocations: 11252)


  [1m[36mUser Load (1.1ms)[0m  [1m[34mSELECT "users".* FROM "users" WHERE "users"."id" IS NULL LIMIT $1[0m  [["LIMIT", 1]]
  ↳ app/controllers/users_controller.rb:25:in `logged_in'
[active_model_serializers] Rendered ActiveModel::Serializer::Null with Hash (0.08ms)
Completed 401 Unauthorized in 53ms (Views: 0.6ms | ActiveRecord: 30.5ms | Allocations: 12293)


  [1m[36mUser Load (0.5ms)[0m  [1m[34mSELECT "users".* FROM "users" WHERE "users"."id" IS NULL LIMIT $1[0m  [["LIMIT", 1]]
  ↳ app/controllers/users_controller.rb:25:in `logged_in'
[active_model_serializers] Rendered ActiveModel::Serializer::Null with Hash (0.11ms)
Completed 401 Unauthorized in 50ms (Views: 0.8ms | ActiveRecord: 27.0ms | Allocations: 10628)


Started GET "/logged-in" for 127.0.0.1 at 2023-06-14 03:56:01 +0300
Started GET "/logged-in" for 127.0.0.1 at 2023-06-14 03:56:01 +0300
Started GET "/logged-in" for 127.0.0.1 at 2023-06-14 03:56:01 +0300
Started GET "/logged-in" for 127.0.0.1 at 2023-06-14 03:56:01 +0300
Processing by UsersController#logged_in as */*
Processing by UsersController#logged_in as */*
Processing by UsersController#logged_in as */*
Processing by UsersController#logged_in as */*
  [1m[36mUser Load (1.0ms)[0m  [1m[34mSELECT "users".* FROM "users" WHERE "users"."id" IS NULL LIMIT $1[0m  [["LIMIT", 1]]
  ↳ app/controllers/users_controller.rb:25:in `logged_in'
[active_model_serializers] Rendered ActiveModel::Serializer::Null with Hash (0.66ms)
Completed 401 Unauthorized in 54ms (Views: 4.5ms | ActiveRecord: 23.8ms | Allocations: 13519)


  [1m[36mUser Load (6.9ms)[0m  [1m[34mSELECT "users".* FROM "users" WHERE "users"."id" IS NULL LIMIT $1[0m  [["LIMIT", 1]]
  ↳ app/controllers/users_controller.rb:25:in `logged_in'
[active_model_serializers] Rendered ActiveModel::Serializer::Null with Hash (0.11ms)
  [1m[36mUser Load (2.2ms)[0m  [1m[34mSELECT "users".* FROM "users" WHERE "users"."id" IS NULL LIMIT $1[0m  [["LIMIT", 1]]
  ↳ app/controllers/users_controller.rb:25:in `logged_in'
[active_model_serializers] Rendered ActiveModel::Serializer::Null with Hash (0.38ms)
Completed 401 Unauthorized in 57ms (Views: 2.3ms | ActiveRecord: 27.8ms | Allocations: 13829)


  [1m[36mUser Load (1.3ms)[0m  [1m[34mSELECT "users".* FROM "users" WHERE "users"."id" IS NULL LIMIT $1[0m  [["LIMIT", 1]]
  ↳ app/controllers/users_controller.rb:25:in `logged_in'
Completed 401 Unauthorized in 48ms (Views: 6.2ms | ActiveRecord: 23.7ms | Allocations: 11871)


[active_model_serializers] Rendered ActiveModel::Serializer::Null with Hash (0.4ms)
Completed 401 Unauthorized in 64ms (Views: 5.8ms | ActiveRecord: 26.1ms | Allocations: 14004)


Started GET "/logged-in" for 127.0.0.1 at 2023-06-14 04:17:26 +0300
Started GET "/logged-in" for 127.0.0.1 at 2023-06-14 04:17:26 +0300
Processing by UsersController#logged_in as */*
Processing by UsersController#logged_in as */*
  [1m[36mUser Load (1.0ms)[0m  [1m[34mSELECT "users".* FROM "users" WHERE "users"."id" IS NULL LIMIT $1[0m  [["LIMIT", 1]]
  ↳ app/controllers/users_controller.rb:25:in `logged_in'
[active_model_serializers] Rendered ActiveModel::Serializer::Null with Hash (0.14ms)
  [1m[36mUser Load (1.7ms)[0m  [1m[34mSELECT "users".* FROM "users" WHERE "users"."id" IS NULL LIMIT $1[0m  [["LIMIT", 1]]
Completed 401 Unauthorized in 53ms (Views: 1.1ms | ActiveRecord: 19.4ms | Allocations: 7310)


  ↳ app/controllers/users_controller.rb:25:in `logged_in'
[active_model_serializers] Rendered ActiveModel::Serializer::Null with Hash (0.13ms)
Completed 401 Unauthorized in 45ms (Views: 0.8ms | ActiveRecord: 14.3ms | Allocations: 6760)


Started POST "/login" for 127.0.0.1 at 2023-06-14 04:18:12 +0300
Processing by SessionsController#create as */*
  Parameters: {"formData"=>{"username"=>"morris", "password"=>"[FILTERED]"}, "session"=>{"formData"=>{"username"=>"morris", "password"=>"[FILTERED]"}}}
  [1m[36mUser Load (1.8ms)[0m  [1m[34mSELECT "users".* FROM "users" WHERE "users"."username" = $1 LIMIT $2[0m  [["username", "morris"], ["LIMIT", 1]]
  ↳ app/controllers/sessions_controller.rb:3:in `create'
[active_model_serializers] Rendered ActiveModel::Serializer::Null with Hash (0.06ms)
Completed 401 Unauthorized in 305ms (Views: 0.6ms | ActiveRecord: 9.9ms | Allocations: 5783)


  [1m[36mUser Load (1.3ms)[0m  [1m[34mSELECT "users".* FROM "users"[0m
Started POST "/login" for 127.0.0.1 at 2023-06-14 04:19:50 +0300
Processing by SessionsController#create as */*
  Parameters: {"formData"=>{"username"=>"Waithaka", "password"=>"[FILTERED]"}, "session"=>{"formData"=>{"username"=>"Waithaka", "password"=>"[FILTERED]"}}}
  [1m[36mUser Load (0.9ms)[0m  [1m[34mSELECT "users".* FROM "users" WHERE "users"."username" = $1 LIMIT $2[0m  [["username", "Waithaka"], ["LIMIT", 1]]
  ↳ app/controllers/sessions_controller.rb:3:in `create'
[active_model_serializers] Rendered ActiveModel::Serializer::Null with Hash (0.07ms)
Completed 401 Unauthorized in 255ms (Views: 0.6ms | ActiveRecord: 0.9ms | Allocations: 723)


Started POST "/login" for 127.0.0.1 at 2023-06-14 04:20:03 +0300
Processing by SessionsController#create as */*
  Parameters: {"formData"=>{"username"=>"Waithaka", "password"=>"[FILTERED]"}, "session"=>{"formData"=>{"username"=>"Waithaka", "password"=>"[FILTERED]"}}}
  [1m[36mUser Load (0.7ms)[0m  [1m[34mSELECT "users".* FROM "users" WHERE "users"."username" = $1 LIMIT $2[0m  [["username", "Waithaka"], ["LIMIT", 1]]
  ↳ app/controllers/sessions_controller.rb:3:in `create'
[active_model_serializers] Rendered ActiveModel::Serializer::Null with Hash (0.12ms)
Completed 401 Unauthorized in 292ms (Views: 2.5ms | ActiveRecord: 0.7ms | Allocations: 723)


Started POST "/login" for 127.0.0.1 at 2023-06-14 04:20:11 +0300
Processing by SessionsController#create as */*
  Parameters: {"formData"=>{"username"=>"waithaka@gmail.com", "password"=>"[FILTERED]"}, "session"=>{"formData"=>{"username"=>"waithaka@gmail.com", "password"=>"[FILTERED]"}}}
  [1m[36mUser Load (0.9ms)[0m  [1m[34mSELECT "users".* FROM "users" WHERE "users"."username" = $1 LIMIT $2[0m  [["username", "waithaka@gmail.com"], ["LIMIT", 1]]
  ↳ app/controllers/sessions_controller.rb:3:in `create'
[active_model_serializers] Rendered ActiveModel::Serializer::Null with Hash (0.39ms)
Completed 401 Unauthorized in 8ms (Views: 2.1ms | ActiveRecord: 0.9ms | Allocations: 683)


Started POST "/login" for 127.0.0.1 at 2023-06-14 04:20:31 +0300
Processing by SessionsController#create as */*
  Parameters: {"formData"=>{"username"=>"Waithaka", "password"=>"[FILTERED]"}, "session"=>{"formData"=>{"username"=>"Waithaka", "password"=>"[FILTERED]"}}}
  [1m[36mUser Load (1.1ms)[0m  [1m[34mSELECT "users".* FROM "users" WHERE "users"."username" = $1 LIMIT $2[0m  [["username", "Waithaka"], ["LIMIT", 1]]
  ↳ app/controllers/sessions_controller.rb:3:in `create'
[active_model_serializers] Rendered ActiveModel::Serializer::Null with Hash (0.06ms)
Completed 401 Unauthorized in 260ms (Views: 0.6ms | ActiveRecord: 1.1ms | Allocations: 723)


Started POST "/login" for 127.0.0.1 at 2023-06-14 04:20:40 +0300
Processing by SessionsController#create as */*
  Parameters: {"formData"=>{"username"=>"Waithaka", "password"=>"[FILTERED]"}, "session"=>{"formData"=>{"username"=>"Waithaka", "password"=>"[FILTERED]"}}}
  [1m[36mUser Load (0.9ms)[0m  [1m[34mSELECT "users".* FROM "users" WHERE "users"."username" = $1 LIMIT $2[0m  [["username", "Waithaka"], ["LIMIT", 1]]
  ↳ app/controllers/sessions_controller.rb:3:in `create'
[active_model_serializers] Rendered ActiveModel::Serializer::Null with Hash (0.07ms)
Completed 401 Unauthorized in 257ms (Views: 0.6ms | ActiveRecord: 0.9ms | Allocations: 723)


Started POST "/login" for 127.0.0.1 at 2023-06-14 04:21:12 +0300
Processing by SessionsController#create as */*
  Parameters: {"formData"=>{"username"=>"morris", "password"=>"[FILTERED]"}, "session"=>{"formData"=>{"username"=>"morris", "password"=>"[FILTERED]"}}}
  [1m[36mUser Load (0.6ms)[0m  [1m[34mSELECT "users".* FROM "users" WHERE "users"."username" = $1 LIMIT $2[0m  [["username", "morris"], ["LIMIT", 1]]
  ↳ app/controllers/sessions_controller.rb:3:in `create'
[active_model_serializers] Rendered ActiveModel::Serializer::Null with Hash (0.08ms)
Completed 401 Unauthorized in 257ms (Views: 0.6ms | ActiveRecord: 0.6ms | Allocations: 723)


Started POST "/login" for 127.0.0.1 at 2023-06-14 04:21:19 +0300
Processing by SessionsController#create as */*
  Parameters: {"formData"=>{"username"=>"morris", "password"=>"[FILTERED]"}, "session"=>{"formData"=>{"username"=>"morris", "password"=>"[FILTERED]"}}}
  [1m[36mUser Load (0.7ms)[0m  [1m[34mSELECT "users".* FROM "users" WHERE "users"."username" = $1 LIMIT $2[0m  [["username", "morris"], ["LIMIT", 1]]
  ↳ app/controllers/sessions_controller.rb:3:in `create'
[active_model_serializers]   [1m[36mParcel Load (1.4ms)[0m  [1m[34mSELECT "parcels".* FROM "parcels" WHERE "parcels"."user_id" = $1[0m  [["user_id", 2]]
[active_model_serializers]   ↳ app/controllers/sessions_controller.rb:8:in `create'
[active_model_serializers] Rendered UserSerializer with ActiveModelSerializers::Adapter::Attributes (21.72ms)
Completed 201 Created in 288ms (Views: 30.9ms | ActiveRecord: 4.1ms | Allocations: 12448)


Started GET "/logged-in" for 127.0.0.1 at 2023-06-14 04:21:21 +0300
Started GET "/logged-in" for 127.0.0.1 at 2023-06-14 04:21:21 +0300
Processing by UsersController#logged_in as */*
  [1m[36mUser Load (0.6ms)[0m  [1m[34mSELECT "users".* FROM "users" WHERE "users"."id" = $1 LIMIT $2[0m  [["id", 2], ["LIMIT", 1]]
  ↳ app/controllers/users_controller.rb:25:in `logged_in'
[active_model_serializers]   [1m[36mParcel Load (0.5ms)[0m  [1m[34mSELECT "parcels".* FROM "parcels" WHERE "parcels"."user_id" = $1[0m  [["user_id", 2]]
[active_model_serializers]   ↳ app/controllers/users_controller.rb:27:in `logged_in'
[active_model_serializers] Rendered UserSerializer with ActiveModelSerializers::Adapter::Attributes (6.19ms)
Completed 200 OK in 19ms (Views: 7.1ms | ActiveRecord: 1.2ms | Allocations: 2357)


Processing by UsersController#logged_in as */*
  [1m[36mUser Load (0.5ms)[0m  [1m[34mSELECT "users".* FROM "users" WHERE "users"."id" = $1 LIMIT $2[0m  [["id", 2], ["LIMIT", 1]]
  ↳ app/controllers/users_controller.rb:25:in `logged_in'
[active_model_serializers]   [1m[36mParcel Load (0.4ms)[0m  [1m[34mSELECT "parcels".* FROM "parcels" WHERE "parcels"."user_id" = $1[0m  [["user_id", 2]]
[active_model_serializers]   ↳ app/controllers/users_controller.rb:27:in `logged_in'
[active_model_serializers] Rendered UserSerializer with ActiveModelSerializers::Adapter::Attributes (5.4ms)
Completed 200 OK in 11ms (Views: 5.8ms | ActiveRecord: 1.0ms | Allocations: 1983)


Started GET "/parcels" for 127.0.0.1 at 2023-06-14 04:24:23 +0300
Processing by ParcelsController#index as */*
  [1m[36mParcel Load (0.9ms)[0m  [1m[34mSELECT "parcels".* FROM "parcels"[0m
  ↳ app/controllers/parcels_controller.rb:4:in `index'
[active_model_serializers] Rendered ActiveModel::Serializer::CollectionSerializer with ActiveModelSerializers::Adapter::Attributes (0.14ms)
Completed 200 OK in 7ms (Views: 4.9ms | ActiveRecord: 0.9ms | Allocations: 958)


Started GET "/parcels" for 127.0.0.1 at 2023-06-14 04:24:23 +0300
Processing by ParcelsController#index as */*
  [1m[36mParcel Load (1.0ms)[0m  [1m[34mSELECT "parcels".* FROM "parcels"[0m
  ↳ app/controllers/parcels_controller.rb:4:in `index'
[active_model_serializers] Rendered ActiveModel::Serializer::CollectionSerializer with ActiveModelSerializers::Adapter::Attributes (0.27ms)
Completed 200 OK in 9ms (Views: 7.7ms | ActiveRecord: 1.0ms | Allocations: 845)


Started GET "/logged-in" for 127.0.0.1 at 2023-06-14 04:24:48 +0300
Processing by UsersController#logged_in as */*
  [1m[36mUser Load (0.7ms)[0m  [1m[34mSELECT "users".* FROM "users" WHERE "users"."id" = $1 LIMIT $2[0m  [["id", 2], ["LIMIT", 1]]
  ↳ app/controllers/users_controller.rb:25:in `logged_in'
[active_model_serializers]   [1m[36mParcel Load (0.8ms)[0m  [1m[34mSELECT "parcels".* FROM "parcels" WHERE "parcels"."user_id" = $1[0m  [["user_id", 2]]
[active_model_serializers]   ↳ app/controllers/users_controller.rb:27:in `logged_in'
[active_model_serializers] Rendered UserSerializer with ActiveModelSerializers::Adapter::Attributes (7.97ms)
Completed 200 OK in 16ms (Views: 9.1ms | ActiveRecord: 1.5ms | Allocations: 1968)


Started GET "/logged-in" for 127.0.0.1 at 2023-06-14 04:24:48 +0300
Processing by UsersController#logged_in as */*
  [1m[36mUser Load (0.5ms)[0m  [1m[34mSELECT "users".* FROM "users" WHERE "users"."id" = $1 LIMIT $2[0m  [["id", 2], ["LIMIT", 1]]
  ↳ app/controllers/users_controller.rb:25:in `logged_in'
[active_model_serializers]   [1m[36mParcel Load (0.6ms)[0m  [1m[34mSELECT "parcels".* FROM "parcels" WHERE "parcels"."user_id" = $1[0m  [["user_id", 2]]
[active_model_serializers]   ↳ app/controllers/users_controller.rb:27:in `logged_in'
[active_model_serializers] Rendered UserSerializer with ActiveModelSerializers::Adapter::Attributes (6.77ms)
Completed 200 OK in 12ms (Views: 7.3ms | ActiveRecord: 1.0ms | Allocations: 1968)


